<?xml version="1.0" encoding="UTF-8"?>
<!-- Generated by org.testng.reporters.JUnitReportReporter -->
<testsuite hostname="Shubhangi" failures="0" tests="1" name="javaPackage.Dropdown2" time="6.271" errors="0" timestamp="2022-12-18T22:57:49 IST" skipped="0">
  <testcase classname="javaPackage.Dropdown2" name="abc" time="6.271"/>
  <system-out/>
</testsuite> <!-- javaPackage.Dropdown2 -->
