<?xml version="1.0" encoding="UTF-8"?>
<!-- Generated by org.testng.reporters.JUnitReportReporter -->
<testsuite hostname="Shubhangi" failures="0" tests="4" name="javaPackage.TestNG3" time="0.010" errors="0" timestamp="2022-11-16T14:53:53 IST" skipped="3">
  <testcase classname="javaPackage.TestNG3" name="f" time="0.006">
    <skipped/>
  </testcase> <!-- f -->
  <system-out/>
  <testcase classname="javaPackage.TestNG3" name="h" time="0.004"/>
  <system-out/>
  <testcase classname="javaPackage.TestNG3" name="a">
    <skipped/>
  </testcase> <!-- a -->
  <system-out/>
  <testcase classname="javaPackage.TestNG3" name="b">
    <skipped/>
  </testcase> <!-- b -->
  <system-out/>
</testsuite> <!-- javaPackage.TestNG3 -->
