<?xml version="1.0" encoding="UTF-8"?>
<!-- Generated by org.testng.reporters.JUnitReportReporter -->
<testsuite hostname="Shubhangi" failures="0" tests="1" name="javaPackage.GetMethodRestAssured" time="4.023" errors="0" timestamp="2022-11-14T22:08:36 IST" skipped="0">
  <testcase classname="javaPackage.GetMethodRestAssured" name="getDetails" time="4.023"/>
  <system-out/>
</testsuite> <!-- javaPackage.GetMethodRestAssured -->
