<?xml version="1.0" encoding="UTF-8"?>
<!-- Generated by org.testng.reporters.JUnitReportReporter -->
<testsuite hostname="Shubhangi" failures="0" tests="2" name="javaPackage.SeleniumGrid" time="13.897" errors="0" timestamp="2022-12-01T15:33:49 IST" skipped="0">
  <testcase classname="javaPackage.SeleniumGrid" name="login" time="6.909"/>
  <system-out/>
  <testcase classname="javaPackage.SeleniumGrid" name="login" time="6.988"/>
  <system-out/>
</testsuite> <!-- javaPackage.SeleniumGrid -->
