<?xml version="1.0" encoding="UTF-8"?>
<!-- Generated by org.testng.reporters.JUnitReportReporter -->
<testsuite hostname="Shubhangi" failures="0" tests="3" name="TestNGtry" time="0.014" errors="0" timestamp="2022-12-05T00:14:07 IST" skipped="0">
  <testcase classname="TestNGtry" name="a3" time="0.001"/>
  <system-out/>
  <testcase classname="TestNGtry" name="a1" time="0.012"/>
  <system-out/>
  <testcase classname="TestNGtry" name="a2" time="0.001"/>
  <system-out/>
</testsuite> <!-- TestNGtry -->
