<?xml version="1.0" encoding="UTF-8"?>
<!-- Generated by org.testng.reporters.JUnitReportReporter -->
<testsuite hostname="Shubhangi" failures="0" tests="3" name="com.faceboook.testcases.LoginPageTest" time="7.992" errors="0" timestamp="18 Dec 2022 18:08:48 GMT">
  <testcase classname="com.faceboook.testcases.LoginPageTest" name="logoTest" time="2.123"/>
  <testcase classname="com.faceboook.testcases.LoginPageTest" name="loginPageTitle" time="2.142"/>
  <testcase classname="com.faceboook.testcases.LoginPageTest" name="loginTest" time="3.727"/>
</testsuite> <!-- com.faceboook.testcases.LoginPageTest -->
