<?xml version="1.0" encoding="UTF-8"?>
<!-- Generated by org.testng.reporters.JUnitReportReporter -->
<testsuite hostname="Shubhangi" failures="0" tests="1" name="maventests.mavenatest1" time="0.007" errors="0" timestamp="20 Oct 2022 09:56:32 GMT" skipped="0">
  <testcase classname="maventests.mavenatest1" name="a" time="0.007"/>
</testsuite> <!-- maventests.mavenatest1 -->
