<?xml version="1.0" encoding="UTF-8"?>
<!-- Generated by org.testng.reporters.JUnitReportReporter -->
<testsuite hostname="Shubhangi" failures="0" tests="3" name="javaPackage.TestNG1" time="0.009" errors="0" timestamp="2022-11-22T22:03:27 IST" skipped="0">
  <testcase classname="javaPackage.TestNG1" name="a2" time="0.002"/>
  <system-out/>
  <testcase classname="javaPackage.TestNG1" name="a3" time="0.005"/>
  <system-out/>
  <testcase classname="javaPackage.TestNG1" name="a1" time="0.002"/>
  <system-out/>
</testsuite> <!-- javaPackage.TestNG1 -->
