<?xml version="1.0" encoding="UTF-8"?>
<!-- Generated by org.testng.reporters.JUnitReportReporter -->
<testsuite hostname="Shubhangi" failures="0" tests="1" name="javaPackage.ExtentReport" time="3.087" errors="0" timestamp="2022-12-11T20:22:04 IST" skipped="0">
  <testcase classname="javaPackage.ExtentReport" name="extentReportsDemo" time="3.087"/>
  <system-out/>
</testsuite> <!-- javaPackage.ExtentReport -->
