<?xml version="1.0" encoding="UTF-8"?>
<!-- Generated by org.testng.reporters.JUnitReportReporter -->
<testsuite hostname="Shubhangi" failures="0" tests="4" name="javaPackage.TestNG2" time="0.012" errors="0" timestamp="2022-12-05T00:00:36 IST" skipped="0">
  <testcase classname="javaPackage.TestNG2" name="a" time="0.007"/>
  <system-out/>
  <testcase classname="javaPackage.TestNG2" name="c" time="0.003"/>
  <system-out/>
  <testcase classname="javaPackage.TestNG2" name="b" time="0.001"/>
  <system-out/>
  <testcase classname="javaPackage.TestNG2" name="d" time="0.001"/>
  <system-out/>
</testsuite> <!-- javaPackage.TestNG2 -->
