<?xml version="1.0" encoding="UTF-8"?>
<!-- Generated by org.testng.reporters.JUnitReportReporter -->
<testsuite hostname="Shubhangi" failures="0" tests="5" name="javaPackage.Dataprovider" time="110.974" errors="0" timestamp="2022-12-03T17:27:52 IST" skipped="0">
  <testcase classname="javaPackage.Dataprovider" name="enterData" time="23.347"/>
  <system-out/>
  <testcase classname="javaPackage.Dataprovider" name="enterData" time="20.699"/>
  <system-out/>
  <testcase classname="javaPackage.Dataprovider" name="enterData" time="21.133"/>
  <system-out/>
  <testcase classname="javaPackage.Dataprovider" name="enterData" time="22.904"/>
  <system-out/>
  <testcase classname="javaPackage.Dataprovider" name="enterData" time="22.891"/>
  <system-out/>
</testsuite> <!-- javaPackage.Dataprovider -->
